This is pdfTeX, Version 3.14159265-2.6-1.40.21 (MiKTeX 20.6.29) (preloaded format=pdflatex 2020.8.24)  30 AUG 2020 03:35
entering extended mode
**/home/giovanni/Documents/Posters_templates/2020/CNF/TES/main.tex
(/home/giovanni/Documents/Posters_templates/2020/CNF/TES/main.tex
LaTeX2e <2020-02-02> patch level 5
L3 programming layer <2020-08-07> (/home/giovanni/.miktex/texmfs/install/tex/latex/base/article.cls
Document Class: article 2019/12/20 v1.4l Standard LaTeX document class
(/home/giovanni/.miktex/texmfs/install/tex/latex/base/size10.clo
File: size10.clo 2019/12/20 v1.4l Standard LaTeX file (size option)
)
\c@part=\count168
\c@section=\count169
\c@subsection=\count170
\c@subsubsection=\count171
\c@paragraph=\count172
\c@subparagraph=\count173
\c@figure=\count174
\c@table=\count175
\abovecaptionskip=\skip47
\belowcaptionskip=\skip48
\bibindent=\dimen134
) (/home/giovanni/.miktex/texmfs/install/tex/latex/framed/framed.sty
Package: framed 2011/10/22 v 0.96: framed or shaded text with page breaks
\OuterFrameSep=\skip49
\fb@frw=\dimen135
\fb@frh=\dimen136
\FrameRule=\dimen137
\FrameSep=\dimen138
) (/home/giovanni/.miktex/texmfs/install/tex/latex/koma-script/scrextend.sty
Package: scrextend 2020/07/22 v3.31 KOMA-Script package (extend other classes with features of KOMA-Script classes)
 (/home/giovanni/.miktex/texmfs/install/tex/latex/koma-script/scrkbase.sty
Package: scrkbase 2020/07/22 v3.31 KOMA-Script package (KOMA-Script-dependent basics and keyval usage)
 (/home/giovanni/.miktex/texmfs/install/tex/latex/koma-script/scrbase.sty
Package: scrbase 2020/07/22 v3.31 KOMA-Script package (KOMA-Script-independent basics and keyval usage)
 (/home/giovanni/.miktex/texmfs/install/tex/latex/graphics/keyval.sty
Package: keyval 2014/10/28 v1.15 key=value parser (DPC)
\KV@toks@=\toks15
) (/home/giovanni/.miktex/texmfs/install/tex/latex/koma-script/scrlfile.sty
Package: scrlfile 2020/07/22 v3.31 KOMA-Script package (loading files)
)))) (/home/giovanni/.miktex/texmfs/install/tex/latex/xcolor/xcolor.sty
Package: xcolor 2016/05/11 v2.12 LaTeX color extensions (UK)
 (/home/giovanni/.miktex/texmfs/install/tex/latex/graphics-cfg/color.cfg
File: color.cfg 2016/01/02 v1.6 sample color configuration
)
Package xcolor Info: Driver file: pdftex.def on input line 225.
 (/home/giovanni/.miktex/texmfs/install/tex/latex/graphics-def/pdftex.def
File: pdftex.def 2018/01/08 v1.0l Graphics/color driver for pdftex
)
Package xcolor Info: Model `cmy' substituted by `cmy0' on input line 1348.
Package xcolor Info: Model `hsb' substituted by `rgb' on input line 1352.
Package xcolor Info: Model `RGB' extended on input line 1364.
Package xcolor Info: Model `HTML' substituted by `rgb' on input line 1366.
Package xcolor Info: Model `Hsb' substituted by `hsb' on input line 1367.
Package xcolor Info: Model `tHsb' substituted by `hsb' on input line 1368.
Package xcolor Info: Model `HSB' substituted by `hsb' on input line 1369.
Package xcolor Info: Model `Gray' substituted by `gray' on input line 1370.
Package xcolor Info: Model `wave' substituted by `hsb' on input line 1371.
) (/home/giovanni/.miktex/texmfs/install/tex/generic/babel/babel.sty
Package: babel 2020/07/13 3.47 The Babel package
 (/home/giovanni/.miktex/texmfs/install/tex/generic/babel/babel.def
File: babel.def 2020/07/13 3.47 Babel common definitions
\babel@savecnt=\count176
\U@D=\dimen139
\l@babelnohyphens=\language1
 (/home/giovanni/.miktex/texmfs/install/tex/generic/babel/txtbabel.def)
\bbl@readstream=\read2
)
\bbl@dirlevel=\count177

*************************************
* Local config file bblopts.cfg used
*
(/home/giovanni/.miktex/texmfs/install/tex/latex/arabi/bblopts.cfg
File: bblopts.cfg 2005/09/08 v0.1 add Arabic and Farsi to "declared" options of babel
) (/home/giovanni/.miktex/texmfs/install/tex/latex/babel-spanish/spanish.ldf
Language: spanish.ldf 2016/03/03 v5.0p Spanish support from the babel system


Package babel Warning: No hyphenation patterns were preloaded for
(babel)                the language `Spanish' into the format.
(babel)                Please, configure your TeX system to add them and
(babel)                rebuild the format. Now I will use the patterns
(babel)                preloaded for \language=0 instead on input line 51.

\es@quottoks=\toks16
\es@quotdepth=\count178
Package babel Info: Making " an active character on input line 561.
Package babel Info: Making . an active character on input line 662.
Package babel Info: Making < an active character on input line 707.
Package babel Info: Making > an active character on input line 707.
) (/home/giovanni/.miktex/texmfs/install/tex/latex/babel-english/english.ldf
Language: english 2017/06/06 v3.3r English support from the babel system
)) (/home/giovanni/.miktex/texmfs/install/tex/latex/geometry/geometry.sty
Package: geometry 2020/01/02 v5.9 Page Geometry
 (/home/giovanni/.miktex/texmfs/install/tex/generic/iftex/ifvtex.sty
Package: ifvtex 2019/10/25 v1.7 ifvtex legacy package. Use iftex instead.
 (/home/giovanni/.miktex/texmfs/install/tex/generic/iftex/iftex.sty
Package: iftex 2020/03/06 v1.0d TeX engine tests
))
\Gm@cnth=\count179
\Gm@cntv=\count180
\c@Gm@tempcnt=\count181
\Gm@bindingoffset=\dimen140
\Gm@wd@mp=\dimen141
\Gm@odd@mp=\dimen142
\Gm@even@mp=\dimen143
\Gm@layoutwidth=\dimen144
\Gm@layoutheight=\dimen145
\Gm@layouthoffset=\dimen146
\Gm@layoutvoffset=\dimen147
\Gm@dimlist=\toks17
 (/home/giovanni/.miktex/texmfs/install/tex/latex/geometry/geometry.cfg)) (/home/giovanni/.miktex/texmfs/install/tex/latex/tools/multicol.sty
Package: multicol 2019/12/09 v1.8y multicolumn formatting (FMi)
\c@tracingmulticols=\count182
\mult@box=\box45
\multicol@leftmargin=\dimen148
\c@unbalance=\count183
\c@collectmore=\count184
\doublecol@number=\count185
\multicoltolerance=\count186
\multicolpretolerance=\count187
\full@width=\dimen149
\page@free=\dimen150
\premulticols=\dimen151
\postmulticols=\dimen152
\multicolsep=\skip50
\multicolbaselineskip=\skip51
\partial@page=\box46
\last@line=\box47
\maxbalancingoverflow=\dimen153
\mult@rightbox=\box48
\mult@grightbox=\box49
\mult@gfirstbox=\box50
\mult@firstbox=\box51
\@tempa=\box52
\@tempa=\box53
\@tempa=\box54
\@tempa=\box55
\@tempa=\box56
\@tempa=\box57
\@tempa=\box58
\@tempa=\box59
\@tempa=\box60
\@tempa=\box61
\@tempa=\box62
\@tempa=\box63
\@tempa=\box64
\@tempa=\box65
\@tempa=\box66
\@tempa=\box67
\@tempa=\box68
\@tempa=\box69
\@tempa=\box70
\@tempa=\box71
\@tempa=\box72
\@tempa=\box73
\@tempa=\box74
\@tempa=\box75
\@tempa=\box76
\@tempa=\box77
\@tempa=\box78
\@tempa=\box79
\@tempa=\box80
\@tempa=\box81
\@tempa=\box82
\@tempa=\box83
\@tempa=\box84
\@tempa=\box85
\@tempa=\box86
\@tempa=\box87
\@tempa=\box88
\c@minrows=\count188
\c@columnbadness=\count189
\c@finalcolumnbadness=\count190
\last@try=\dimen154
\multicolovershoot=\dimen155
\multicolundershoot=\dimen156
\mult@nat@firstbox=\box89
\colbreak@box=\box90
\mc@col@check@num=\count191
) (/home/giovanni/.miktex/texmfs/install/tex/latex/base/inputenc.sty
Package: inputenc 2018/08/11 v1.3c Input encoding file
\inpenc@prehook=\toks18
\inpenc@posthook=\toks19
) (/home/giovanni/.miktex/texmfs/install/tex/latex/float/float.sty
Package: float 2001/11/08 v1.3d Float enhancements (AL)
\c@float@type=\count192
\float@exts=\toks20
\float@box=\box91
\@float@everytoks=\toks21
\@floatcapt=\box92
) (/home/giovanni/.miktex/texmfs/install/tex/latex/colortbl/colortbl.sty
Package: colortbl 2020/01/04 v1.0e Color table columns (DPC)
 (/home/giovanni/.miktex/texmfs/install/tex/latex/tools/array.sty
Package: array 2019/08/31 v2.4l Tabular extension package (FMi)
\col@sep=\dimen157
\ar@mcellbox=\box93
\extrarowheight=\dimen158
\NC@list=\toks22
\extratabsurround=\skip52
\backup@length=\skip53
\ar@cellbox=\box94
)
\everycr=\toks23
\minrowclearance=\skip54
) (/home/giovanni/.miktex/texmfs/install/tex/latex/tabulary/tabulary.sty
Package: tabulary 2014/06/11 v0.10 tabulary package (DPC)
\TY@count=\count193
\TY@linewidth=\dimen159
\tymin=\dimen160
\tymax=\dimen161
\TY@tablewidth=\dimen162
) (/home/giovanni/.miktex/texmfs/install/tex/latex/multirow/multirow.sty
Package: multirow 2019/05/31 v2.5 Span multiple rows of a table
\multirow@colwidth=\skip55
\multirow@cntb=\count194
\multirow@dima=\skip56
\bigstrutjot=\dimen163
) (/home/giovanni/.miktex/texmfs/install/tex/latex/amsmath/amsmath.sty
Package: amsmath 2020/01/20 v2.17e AMS math features
\@mathmargin=\skip57

For additional information on amsmath, use the `?' option.
(/home/giovanni/.miktex/texmfs/install/tex/latex/amsmath/amstext.sty
Package: amstext 2000/06/29 v2.01 AMS text
 (/home/giovanni/.miktex/texmfs/install/tex/latex/amsmath/amsgen.sty
File: amsgen.sty 1999/11/30 v2.0 generic functions
\@emptytoks=\toks24
\ex@=\dimen164
)) (/home/giovanni/.miktex/texmfs/install/tex/latex/amsmath/amsbsy.sty
Package: amsbsy 1999/11/29 v1.2d Bold Symbols
\pmbraise@=\dimen165
) (/home/giovanni/.miktex/texmfs/install/tex/latex/amsmath/amsopn.sty
Package: amsopn 2016/03/08 v2.02 operator names
)
\inf@bad=\count195
LaTeX Info: Redefining \frac on input line 227.
\uproot@=\count196
\leftroot@=\count197
LaTeX Info: Redefining \overline on input line 389.
\classnum@=\count198
\DOTSCASE@=\count199
LaTeX Info: Redefining \ldots on input line 486.
LaTeX Info: Redefining \dots on input line 489.
LaTeX Info: Redefining \cdots on input line 610.
\Mathstrutbox@=\box95
\strutbox@=\box96
\big@size=\dimen166
LaTeX Font Info:    Redeclaring font encoding OML on input line 733.
LaTeX Font Info:    Redeclaring font encoding OMS on input line 734.
\macc@depth=\count266
\c@MaxMatrixCols=\count267
\dotsspace@=\muskip16
\c@parentequation=\count268
\dspbrk@lvl=\count269
\tag@help=\toks25
\row@=\count270
\column@=\count271
\maxfields@=\count272
\andhelp@=\toks26
\eqnshift@=\dimen167
\alignsep@=\dimen168
\tagshift@=\dimen169
\tagwidth@=\dimen170
\totwidth@=\dimen171
\lineht@=\dimen172
\@envbody=\toks27
\multlinegap=\skip58
\multlinetaggap=\skip59
\mathdisplay@stack=\toks28
LaTeX Info: Redefining \[ on input line 2859.
LaTeX Info: Redefining \] on input line 2860.
) (/home/giovanni/.miktex/texmfs/install/tex/latex/graphics/graphicx.sty
Package: graphicx 2019/11/30 v1.2a Enhanced LaTeX Graphics (DPC,SPQR)
 (/home/giovanni/.miktex/texmfs/install/tex/latex/graphics/graphics.sty
Package: graphics 2019/11/30 v1.4a Standard LaTeX Graphics (DPC,SPQR)
 (/home/giovanni/.miktex/texmfs/install/tex/latex/graphics/trig.sty
Package: trig 2016/01/03 v1.10 sin cos tan (DPC)
) (/home/giovanni/.miktex/texmfs/install/tex/latex/graphics-cfg/graphics.cfg
File: graphics.cfg 2016/06/04 v1.11 sample graphics configuration
)
Package graphics Info: Driver file: pdftex.def on input line 105.
)
\Gin@req@height=\dimen173
\Gin@req@width=\dimen174
) (/home/giovanni/.miktex/texmfs/install/tex/latex/l3backend/l3backend-pdfmode.def
File: l3backend-pdfmode.def 2020-08-07 L3 backend support: PDF mode
\l__kernel_color_stack_int=\count273
\l__pdf_internal_box=\box97
) (/home/giovanni/Documents/Posters_templates/2020/CNF/TES/main.aux)
\openout1 = `main.aux'.

LaTeX Font Info:    Checking defaults for OML/cmm/m/it on input line 22.
LaTeX Font Info:    ... okay on input line 22.
LaTeX Font Info:    Checking defaults for OMS/cmsy/m/n on input line 22.
LaTeX Font Info:    ... okay on input line 22.
LaTeX Font Info:    Checking defaults for OT1/cmr/m/n on input line 22.
LaTeX Font Info:    ... okay on input line 22.
LaTeX Font Info:    Checking defaults for T1/cmr/m/n on input line 22.
LaTeX Font Info:    ... okay on input line 22.
LaTeX Font Info:    Checking defaults for TS1/cmr/m/n on input line 22.
LaTeX Font Info:    ... okay on input line 22.
LaTeX Font Info:    Checking defaults for OMX/cmex/m/n on input line 22.
LaTeX Font Info:    ... okay on input line 22.
LaTeX Font Info:    Checking defaults for U/cmr/m/n on input line 22.
LaTeX Font Info:    ... okay on input line 22.
 (/home/giovanni/.miktex/texmfs/install/tex/context/base/mkii/supp-pdf.mkii
[Loading MPS to PDF converter (version 2006.09.02).]
\scratchcounter=\count274
\scratchdimen=\dimen175
\scratchbox=\box98
\nofMPsegments=\count275
\nofMParguments=\count276
\everyMPshowfont=\toks29
\MPscratchCnt=\count277
\MPscratchDim=\dimen176
\MPnumerator=\count278
\makeMPintoPDFobject=\count279
\everyMPtoPDFconversion=\toks30
) (/home/giovanni/.miktex/texmfs/install/tex/latex/epstopdf-pkg/epstopdf-base.sty
Package: epstopdf-base 2020-01-24 v2.11 Base part for package epstopdf
Package epstopdf-base Info: Redefining graphics rule for `.eps' on input line 485.
)
*geometry* detected driver: dvips
*geometry* verbose mode - [ preamble ] result:
* driver: dvips
* paper: a3paper
* layout: <same size as paper>
* layoutoffset:(h,v)=(0.0pt,0.0pt)
* hratio: 1:1
* vratio: 1:1
* modes: 
* h-part:(L,W,R)=(56.9055pt, 731.23584pt, 56.9055pt)
* v-part:(T,H,B)=(56.9055pt, 1081.20474pt, 56.9055pt)
* \paperwidth=845.04684pt
* \paperheight=1195.01575pt
* \textwidth=731.23584pt
* \textheight=1081.20474pt
* \oddsidemargin=-15.36449pt
* \evensidemargin=-15.36449pt
* \topmargin=-52.36449pt
* \headheight=12.0pt
* \headsep=25.0pt
* \topskip=10.0pt
* \footskip=30.0pt
* \marginparwidth=65.0pt
* \marginparsep=11.0pt
* \columnsep=10.0pt
* \skip\footins=9.0pt plus 4.0pt minus 2.0pt
* \hoffset=0.0pt
* \voffset=0.0pt
* \mag=1000
* \@twocolumnfalse
* \@twosidefalse
* \@mparswitchfalse
* \@reversemarginfalse
* (1in=72.27pt=25.4mm, 1cm=28.453pt)

Package epstopdf Info: Source file: <images/ifir.eps>
(epstopdf)                    date: 2020-08-27 21:33:41
(epstopdf)                    size: 4868615 bytes
(epstopdf)             Output file: <images/ifir-eps-converted-to.pdf>
(epstopdf)                    date: 2020-08-30 01:57:41
(epstopdf)                    size: 131304 bytes
(epstopdf)             Command: <epstopdf --outfile=images/ifir-eps-converted-to.pdf images/ifir.eps>
(epstopdf)             \includegraphics on input line 29.
Package epstopdf Info: Output file is already uptodate.


pdfTeX warning: pdflatex (file /home/giovanni/Documents/Posters_templates/2020/CNF/TES/images/ifir-eps-converted-to.pdf): PDF inclusion: found PDF version <1.7>, but at most version <1.5> allowed
<images/ifir-eps-converted-to.pdf, id=1, 1234.6125pt x 651.43375pt>
File: images/ifir-eps-converted-to.pdf Graphic file (type pdf)
<use images/ifir-eps-converted-to.pdf>
Package pdftex.def Info: images/ifir-eps-converted-to.pdf  used on input line 29.
(pdftex.def)             Requested size: 148.14711pt x 78.16867pt.

Overfull \hbox (1.90218pt too wide) in paragraph at lines 29--30
[][] 
 []

LaTeX Font Info:    Calculating math sizes for size <14> on input line 30.

LaTeX Font Warning: Font shape `OT1/cmr/m/n' in size <15> not available
(Font)              size <14.4> substituted on input line 35.


LaTeX Font Warning: Font shape `OT1/cmr/bx/n' in size <15> not available
(Font)              size <14.4> substituted on input line 37.


LaTeX Font Warning: Font shape `OT1/cmr/m/n' in size <12.77509> not available
(Font)              size <12> substituted on input line 41.

LaTeX Font Info:    Calculating math sizes for size <12.77509> on input line 42.

LaTeX Font Warning: Font shape `OML/cmm/m/it' in size <12.77509> not available
(Font)              size <12> substituted on input line 42.


LaTeX Font Warning: Font shape `OMS/cmsy/m/n' in size <12.77509> not available
(Font)              size <12> substituted on input line 42.


LaTeX Font Warning: Font shape `OMX/cmex/m/n' in size <12.77509> not available
(Font)              size <12> substituted on input line 42.

Package epstopdf Info: Source file: <images/fcfm.eps>
(epstopdf)                    date: 2020-08-27 21:33:41
(epstopdf)                    size: 8674334 bytes
(epstopdf)             Output file: <images/fcfm-eps-converted-to.pdf>
(epstopdf)                    date: 2020-08-30 01:57:59
(epstopdf)                    size: 397638 bytes
(epstopdf)             Command: <epstopdf --outfile=images/fcfm-eps-converted-to.pdf images/fcfm.eps>
(epstopdf)             \includegraphics on input line 51.
Package epstopdf Info: Output file is already uptodate.


pdfTeX warning: pdflatex (file /home/giovanni/Documents/Posters_templates/2020/CNF/TES/images/fcfm-eps-converted-to.pdf): PDF inclusion: found PDF version <1.7>, but at most version <1.5> allowed
<images/fcfm-eps-converted-to.pdf, id=2, 700.6175pt x 318.18875pt>
File: images/fcfm-eps-converted-to.pdf Graphic file (type pdf)
<use images/fcfm-eps-converted-to.pdf>
Package pdftex.def Info: images/fcfm-eps-converted-to.pdf  used on input line 51.
(pdftex.def)             Requested size: 140.12102pt x 63.63661pt.

Overfull \hbox (2.69984pt too wide) in paragraph at lines 50--52
[]|  [] 
 []


LaTeX Font Warning: Font shape `OT1/cmr/m/n' in size <13> not available
(Font)              size <12> substituted on input line 55.


LaTeX Font Warning: Font shape `OT1/cmr/bx/n' in size <13> not available
(Font)              size <12> substituted on input line 58.

<images/TES.png, id=3, 363.28365pt x 261.04214pt>
File: images/TES.png Graphic file (type png)
<use images/TES.png>
Package pdftex.def Info: images/TES.png  used on input line 62.
(pdftex.def)             Requested size: 127.15117pt x 91.3661pt.

LaTeX Font Warning: Font shape `OT1/cmr/m/n' in size <0.5> not available
(Font)              size <5> substituted on input line 64.

LaTeX Font Info:    Calculating math sizes for size <13> on input line 71.

LaTeX Font Warning: Font shape `OT1/cmr/m/n' in size <6.5> not available
(Font)              size <6> substituted on input line 71.


LaTeX Font Warning: Font shape `OML/cmm/m/it' in size <13> not available
(Font)              size <12> substituted on input line 71.


LaTeX Font Warning: Font shape `OML/cmm/m/it' in size <6.5> not available
(Font)              size <6> substituted on input line 71.


LaTeX Font Warning: Font shape `OMS/cmsy/m/n' in size <13> not available
(Font)              size <12> substituted on input line 71.


LaTeX Font Warning: Font shape `OMS/cmsy/m/n' in size <6.5> not available
(Font)              size <6> substituted on input line 71.


LaTeX Font Warning: Font shape `OMX/cmex/m/n' in size <13> not available
(Font)              size <12> substituted on input line 71.


Underfull \hbox (badness 10000) in paragraph at lines 74--75
[]\OT1/cmr/m/n/12 La Psoriasis es una enfermedad
 []


Underfull \hbox (badness 10000) in paragraph at lines 74--75
\OT1/cmr/m/n/12 con fototerapia ultravioleta (UV).
 []


Overfull \hbox (5.22215pt too wide) in paragraph at lines 61--78
$[]$   $[]$
 []


Package tabulary Warning: No suitable columns! on input line 98.

Package epstopdf Info: Source file: <images/pro.eps>
(epstopdf)                    date: 2020-08-27 21:33:41
(epstopdf)                    size: 4083689 bytes
(epstopdf)             Output file: <images/pro-eps-converted-to.pdf>
(epstopdf)                    date: 2020-08-30 01:58:55
(epstopdf)                    size: 124608 bytes
(epstopdf)             Command: <epstopdf --outfile=images/pro-eps-converted-to.pdf images/pro.eps>
(epstopdf)             \includegraphics on input line 122.
Package epstopdf Info: Output file is already uptodate.


pdfTeX warning: pdflatex (file /home/giovanni/Documents/Posters_templates/2020/CNF/TES/images/pro-eps-converted-to.pdf): PDF inclusion: found PDF version <1.7>, but at most version <1.5> allowed
<images/pro-eps-converted-to.pdf, id=5, 935.495pt x 722.7pt>
File: images/pro-eps-converted-to.pdf Graphic file (type pdf)
<use images/pro-eps-converted-to.pdf>
Package pdftex.def Info: images/pro-eps-converted-to.pdf  used on input line 122.
(pdftex.def)             Requested size: 364.84158pt x 281.85185pt.
Package epstopdf Info: Source file: <images/ecua.eps>
(epstopdf)                    date: 2020-08-27 21:33:41
(epstopdf)                    size: 4057438 bytes
(epstopdf)             Output file: <images/ecua-eps-converted-to.pdf>
(epstopdf)                    date: 2020-08-30 01:59:06
(epstopdf)                    size: 92936 bytes
(epstopdf)             Command: <epstopdf --outfile=images/ecua-eps-converted-to.pdf images/ecua.eps>
(epstopdf)             \includegraphics on input line 123.
Package epstopdf Info: Output file is already uptodate.


pdfTeX warning: pdflatex (file /home/giovanni/Documents/Posters_templates/2020/CNF/TES/images/ecua-eps-converted-to.pdf): PDF inclusion: found PDF version <1.7>, but at most version <1.5> allowed
<images/ecua-eps-converted-to.pdf, id=6, 929.4725pt x 722.7pt>
File: images/ecua-eps-converted-to.pdf Graphic file (type pdf)
<use images/ecua-eps-converted-to.pdf>
Package pdftex.def Info: images/ecua-eps-converted-to.pdf  used on input line 123.
(pdftex.def)             Requested size: 362.49283pt x 281.85185pt.

Overfull \hbox (4.22366pt too wide) in paragraph at lines 122--127
[] 
 []


Overfull \hbox (1.87491pt too wide) in paragraph at lines 122--127
[]
 []

Package epstopdf Info: Source file: <images/cuerpo.eps>
(epstopdf)                    date: 2020-08-27 21:33:41
(epstopdf)                    size: 2999355 bytes
(epstopdf)             Output file: <images/cuerpo-eps-converted-to.pdf>
(epstopdf)                    date: 2020-08-30 01:59:17
(epstopdf)                    size: 66836 bytes
(epstopdf)             Command: <epstopdf --outfile=images/cuerpo-eps-converted-to.pdf images/cuerpo.eps>
(epstopdf)             \includegraphics on input line 134.
Package epstopdf Info: Output file is already uptodate.


pdfTeX warning: pdflatex (file /home/giovanni/Documents/Posters_templates/2020/CNF/TES/images/cuerpo-eps-converted-to.pdf): PDF inclusion: found PDF version <1.7>, but at most version <1.5> allowed
<images/cuerpo-eps-converted-to.pdf, id=7, 483.8075pt x 1025.8325pt>
File: images/cuerpo-eps-converted-to.pdf Graphic file (type pdf)
<use images/cuerpo-eps-converted-to.pdf>
Package pdftex.def Info: images/cuerpo-eps-converted-to.pdf  used on input line 134.
(pdftex.def)             Requested size: 87.08159pt x 184.64188pt.

Overfull \hbox (7.74521pt too wide) in paragraph at lines 134--135
[][] 
 []


Underfull \hbox (badness 10000) in paragraph at lines 140--141
\OT1/cmr/m/n/12 en cualquier lugar del area metropolitana
 []


Overfull \hbox (2.61107pt too wide) in paragraph at lines 133--143
$[]$ $[]$ 
 []

[1
Non-PDF special ignored!
<special> papersize=845.04684pt,1195.01575pt

{/home/giovanni/.miktex/texmfs/data/pdftex/config/pdftex.map} </home/giovanni/Documents/Posters_templates/2020/CNF/TES/images/ifir-eps-converted-to.pdf> </home/giovanni/Documents/Posters_templates/2020/CNF/TES/images/fcfm-eps-converted-to.pdf> </home/giovanni/Documents/Posters_templates/2020/CNF/TES/images/TES.png> </home/giovanni/Documents/Posters_templates/2020/CNF/TES/images/pro-eps-converted-to.pdf> </home/giovanni/Documents/Posters_templates/2020/CNF/TES/images/ecua-eps-converted-to.pdf> </home/giovanni/Documents/Posters_templates/2020/CNF/TES/images/cuerpo-eps-converted-to.pdf>] (/home/giovanni/Documents/Posters_templates/2020/CNF/TES/main.aux)

LaTeX Font Warning: Size substitutions with differences
(Font)              up to 4.5pt have occurred.

 ) 
Here is how much of TeX's memory you used:
 5202 strings out of 483145
 75219 string characters out of 2957254
 404128 words of memory out of 3000000
 20477 multiletter control sequences out of 15000+200000
 542631 words of font info for 56 fonts, out of 3000000 for 9000
 0 hyphenation exceptions out of 8191
 42i,11n,47p,669b,580s stack positions out of 5000i,500n,10000p,200000b,50000s
 </home/giovanni/.miktex/texmfs/data/fonts/pk/ljfour/jknappen/ec/dpi600/tcrm1200.pk></home/giovanni/.miktex/texmfs/install/fonts/type1/public/amsfonts/cm/cmbx12.pfb></home/giovanni/.miktex/texmfs/install/fonts/type1/public/amsfonts/cm/cmex10.pfb></home/giovanni/.miktex/texmfs/install/fonts/type1/public/amsfonts/cm/cmmi12.pfb></home/giovanni/.miktex/texmfs/install/fonts/type1/public/amsfonts/cm/cmmi7.pfb></home/giovanni/.miktex/texmfs/install/fonts/type1/public/amsfonts/cm/cmmi9.pfb></home/giovanni/.miktex/texmfs/install/fonts/type1/public/amsfonts/cm/cmr10.pfb></home/giovanni/.miktex/texmfs/install/fonts/type1/public/amsfonts/cm/cmr12.pfb></home/giovanni/.miktex/texmfs/install/fonts/type1/public/amsfonts/cm/cmr5.pfb></home/giovanni/.miktex/texmfs/install/fonts/type1/public/amsfonts/cm/cmr6.pfb></home/giovanni/.miktex/texmfs/install/fonts/type1/public/amsfonts/cm/cmr7.pfb></home/giovanni/.miktex/texmfs/install/fonts/type1/public/amsfonts/cm/cmr8.pfb></home/giovanni/.miktex/texmfs/install/fonts/type1/public/amsfonts/cm/cmr9.pfb>
Output written on /home/giovanni/Documents/Posters_templates/2020/CNF/TES/main.pdf (1 page, 1064958 bytes).
PDF statistics:
 82 PDF objects out of 1000 (max. 8388607)
 0 named destinations out of 1000 (max. 500000)
 31 words of extra memory for PDF output out of 10000 (max. 10000000)

